<?xml version="1.0" encoding="UTF-8"?>
<!-- Generated by org.testng.reporters.JUnitReportReporter -->
<testsuite hostname="C02DCP4XML7H" failures="0" tests="3" name="com.hrm.qa.tests.HomePageTest" time="55.857" errors="0" timestamp="2022-10-04T19:42:22 IST" skipped="0">
  <testcase classname="com.hrm.qa.tests.HomePageTest" name="validateHomePageTitle" time="9.391"/>
  <system-out/>
  <testcase classname="com.hrm.qa.tests.HomePageTest" name="validateAdminHeadeClickAndTitle" time="25.216"/>
  <system-out/>
  <testcase classname="com.hrm.qa.tests.HomePageTest" name="validatePimPageTabClickAndTitle" time="21.250"/>
  <system-out/>
</testsuite> <!-- com.hrm.qa.tests.HomePageTest -->
