<?xml version="1.0" encoding="UTF-8"?>
<!-- Generated by org.testng.reporters.JUnitReportReporter -->
<testsuite hostname="C02DCP4XML7H" failures="0" tests="3" name="com.hrm.qa.tests.LoginPageTest" time="33.368" errors="0" timestamp="2022-10-04T17:25:46 IST" skipped="0">
  <testcase classname="com.hrm.qa.tests.LoginPageTest" name="validateLoginPageTitle" time="10.485"/>
  <system-out/>
  <testcase classname="com.hrm.qa.tests.LoginPageTest" name="validateLoginButtonIsPresentAndEnabled" time="7.709"/>
  <system-out/>
  <testcase classname="com.hrm.qa.tests.LoginPageTest" name="enterCredentials" time="15.174"/>
  <system-out/>
</testsuite> <!-- com.hrm.qa.tests.LoginPageTest -->
