<?xml version="1.0" encoding="UTF-8"?>
<!-- Generated by org.testng.reporters.JUnitReportReporter -->
<testsuite hostname="C02DCP4XML7H" failures="0" tests="2" name="com.hrm.qa.tests.LeavePageTest" time="26.069" errors="0" timestamp="2022-10-05T16:37:36 IST" skipped="0">
  <testcase classname="com.hrm.qa.tests.LeavePageTest" name="validateLeavePageTabClickAndTitle" time="10.922"/>
  <system-out/>
  <testcase classname="com.hrm.qa.tests.LeavePageTest" name="selectLeaveMemeberCheckbox" time="15.147"/>
  <system-out/>
</testsuite> <!-- com.hrm.qa.tests.LeavePageTest -->
