<?xml version="1.0" encoding="UTF-8"?>
<!-- Generated by org.testng.reporters.JUnitReportReporter -->
<testsuite skipped="0" hostname="C02DCP4XML7H" name="com.hrm.qa.tests.LeavePageTest" tests="2" failures="0" timestamp="2022-10-08T13:22:52 IST" time="21.160" errors="0">
  <testcase name="validateLeavePageTabClickAndTitle" time="9.741" classname="com.hrm.qa.tests.LeavePageTest"/>
  <system-out/>
  <testcase name="selectLeaveMemeberCheckbox" time="11.419" classname="com.hrm.qa.tests.LeavePageTest"/>
  <system-out/>
</testsuite> <!-- com.hrm.qa.tests.LeavePageTest -->
