<?xml version="1.0" encoding="UTF-8"?>
<!-- Generated by org.testng.reporters.JUnitReportReporter -->
<testsuite skipped="0" hostname="C02DCP4XML7H" name="com.hrm.qa.tests.LoginPageTest" tests="3" failures="0" timestamp="2022-10-08T13:22:52 IST" time="26.183" errors="0">
  <testcase name="validateLoginPageTitle" time="8.056" classname="com.hrm.qa.tests.LoginPageTest"/>
  <system-out/>
  <testcase name="validateLoginButtonIsPresentAndEnabled" time="7.659" classname="com.hrm.qa.tests.LoginPageTest"/>
  <system-out/>
  <testcase name="enterCredentials" time="10.468" classname="com.hrm.qa.tests.LoginPageTest"/>
  <system-out/>
</testsuite> <!-- com.hrm.qa.tests.LoginPageTest -->
